Using pre-set license
Built from '2021.3/staging' branch; Version is '2021.3.22f1 (b6c551784ba3) revision 11978065'; Using compiler version '192829333'; Build Type 'Release'
OS: 'Windows 10  (10.0.19045) 64bit Professional' Language: 'es' Physical Memory: 16317 MB
BatchMode: 1, IsHumanControllingUs: 0, StartBugReporterOnCrash: 0, Is64bit: 1, IsPro: 1

COMMAND LINE ARGUMENTS:
C:\Program Files\Unity\Hub\Editor\2021.3.22f1\Editor\Unity.exe
-adb2
-batchMode
-noUpm
-name
AssetImportWorker0
-projectPath
C:/Users/Alumno/Programación_Grafico_JAJT
-logFile
Logs/AssetImportWorker0.log
-srvPort
49417
Successfully changed project path to: C:/Users/Alumno/Programación_Grafico_JAJT
C:/Users/Alumno/Programación_Grafico_JAJT
[UnityMemory] Configuration Parameters - Can be set up in boot.config
    "memorysetup-bucket-allocator-granularity=16"
    "memorysetup-bucket-allocator-bucket-count=8"
    "memorysetup-bucket-allocator-block-size=33554432"
    "memorysetup-bucket-allocator-block-count=8"
    "memorysetup-main-allocator-block-size=16777216"
    "memorysetup-thread-allocator-block-size=16777216"
    "memorysetup-gfx-main-allocator-block-size=16777216"
    "memorysetup-gfx-thread-allocator-block-size=16777216"
    "memorysetup-cache-allocator-block-size=4194304"
    "memorysetup-typetree-allocator-block-size=2097152"
    "memorysetup-profiler-bucket-allocator-granularity=16"
    "memorysetup-profiler-bucket-allocator-bucket-count=8"
    "memorysetup-profiler-bucket-allocator-block-size=33554432"
    "memorysetup-profiler-bucket-allocator-block-count=8"
    "memorysetup-profiler-allocator-block-size=16777216"
    "memorysetup-profiler-editor-allocator-block-size=1048576"
    "memorysetup-temp-allocator-size-main=16777216"
    "memorysetup-job-temp-allocator-block-size=2097152"
    "memorysetup-job-temp-allocator-block-size-background=1048576"
    "memorysetup-job-temp-allocator-reduction-small-platforms=262144"
    "memorysetup-temp-allocator-size-background-worker=32768"
    "memorysetup-temp-allocator-size-job-worker=262144"
    "memorysetup-temp-allocator-size-preload-manager=33554432"
    "memorysetup-temp-allocator-size-nav-mesh-worker=65536"
    "memorysetup-temp-allocator-size-audio-worker=65536"
    "memorysetup-temp-allocator-size-cloud-worker=32768"
    "memorysetup-temp-allocator-size-gi-baking-worker=262144"
    "memorysetup-temp-allocator-size-gfx=262144"
Player connection [11400] Host "[IP] 172.102.0.49 [Port] 0 [Flags] 2 [Guid] 1499607974 [EditorId] 1499607974 [Version] 1048832 [Id] WindowsEditor(7,04WS-LABZ1-03) [Debug] 1 [PackageName] WindowsEditor [ProjectName] Editor" joined multi-casting on [225.0.0.222:54997]...

Player connection [11400] Host "[IP] 172.102.0.49 [Port] 0 [Flags] 2 [Guid] 1499607974 [EditorId] 1499607974 [Version] 1048832 [Id] WindowsEditor(7,04WS-LABZ1-03) [Debug] 1 [PackageName] WindowsEditor [ProjectName] Editor" joined alternative multi-casting on [225.0.0.222:34997]...

Refreshing native plugins compatible for Editor in 93.28 ms, found 3 plugins.
Preloading 0 native plugins for Editor in 0.00 ms.
Initialize engine version: 2021.3.22f1 (b6c551784ba3)
[Subsystems] Discovering subsystems at path C:/Program Files/Unity/Hub/Editor/2021.3.22f1/Editor/Data/Resources/UnitySubsystems
[Subsystems] Discovering subsystems at path C:/Users/Alumno/Programación_Grafico_JAJT/Assets
GfxDevice: creating device client; threaded=0; jobified=0
Direct3D:
    Version:  Direct3D 11.0 [level 11.1]
    Renderer: Radeon RX 550 (ID=0x699f)
    Vendor:   ATI
    VRAM:     4075 MB
    Driver:   31.0.12044.30001
Initialize mono
Mono path[0] = 'C:/Program Files/Unity/Hub/Editor/2021.3.22f1/Editor/Data/Managed'
Mono path[1] = 'C:/Program Files/Unity/Hub/Editor/2021.3.22f1/Editor/Data/MonoBleedingEdge/lib/mono/unityjit-win32'
Mono config path = 'C:/Program Files/Unity/Hub/Editor/2021.3.22f1/Editor/Data/MonoBleedingEdge/etc'
Using monoOptions --debugger-agent=transport=dt_socket,embedding=1,server=y,suspend=n,address=127.0.0.1:56112
Begin MonoManager ReloadAssembly
Registering precompiled unity dll's ...
Register platform support module: C:/Program Files/Unity/Hub/Editor/2021.3.22f1/Editor/Data/PlaybackEngines/WindowsStandaloneSupport/UnityEditor.WindowsStandalone.Extensions.dll
Registered in 0.013605 seconds.
Native extension for WindowsStandalone target not found
Refreshing native plugins compatible for Editor in 90.79 ms, found 3 plugins.
Preloading 0 native plugins for Editor in 0.00 ms.
Mono: successfully reloaded assembly
- Completed reload, in  0.740 seconds
Domain Reload Profiling:
	ReloadAssembly (741ms)
		BeginReloadAssembly (115ms)
			ExecutionOrderSort (0ms)
			DisableScriptedObjects (0ms)
			BackupInstance (0ms)
			ReleaseScriptingObjects (0ms)
			CreateAndSetChildDomain (1ms)
		EndReloadAssembly (493ms)
			LoadAssemblies (110ms)
			RebuildTransferFunctionScriptingTraits (0ms)
			SetupTypeCache (115ms)
			ReleaseScriptCaches (0ms)
			RebuildScriptCaches (28ms)
			SetupLoadedEditorAssemblies (287ms)
				LogAssemblyErrors (0ms)
				InitializePlatformSupportModulesInManaged (10ms)
				SetLoadedEditorAssemblies (0ms)
				RefreshPlugins (91ms)
				BeforeProcessingInitializeOnLoad (2ms)
				ProcessInitializeOnLoadAttributes (132ms)
				ProcessInitializeOnLoadMethodAttributes (52ms)
				AfterProcessingInitializeOnLoad (0ms)
				EditorAssembliesLoaded (0ms)
			ExecutionOrderSort2 (0ms)
			AwakeInstancesAfterBackupRestoration (0ms)
Platform modules already initialized, skipping
Registering precompiled user dll's ...
Registered in 0.010560 seconds.
Begin MonoManager ReloadAssembly
Symbol file LoadedFromMemory doesn't match image C:\Users\Alumno\Programación_Grafico_JAJT\Library\PackageCache\com.unity.visualscripting@1.8.0\Editor\VisualScripting.Core\Dependencies\YamlDotNet\Unity.VisualScripting.YamlDotNet.dll
Symbol file LoadedFromMemory doesn't match image C:\Users\Alumno\Programación_Grafico_JAJT\Library\PackageCache\com.unity.visualscripting@1.8.0\Editor\VisualScripting.Core\Dependencies\DotNetZip\Unity.VisualScripting.IonicZip.dll
Native extension for WindowsStandalone target not found
Refreshing native plugins compatible for Editor in 93.28 ms, found 3 plugins.
Preloading 0 native plugins for Editor in 0.00 ms.
Mono: successfully reloaded assembly
- Completed reload, in  1.399 seconds
Domain Reload Profiling:
	ReloadAssembly (1400ms)
		BeginReloadAssembly (158ms)
			ExecutionOrderSort (0ms)
			DisableScriptedObjects (7ms)
			BackupInstance (0ms)
			ReleaseScriptingObjects (0ms)
			CreateAndSetChildDomain (21ms)
		EndReloadAssembly (1101ms)
			LoadAssemblies (137ms)
			RebuildTransferFunctionScriptingTraits (0ms)
			SetupTypeCache (311ms)
			ReleaseScriptCaches (1ms)
			RebuildScriptCaches (57ms)
			SetupLoadedEditorAssemblies (571ms)
				LogAssemblyErrors (0ms)
				InitializePlatformSupportModulesInManaged (6ms)
				SetLoadedEditorAssemblies (0ms)
				RefreshPlugins (93ms)
				BeforeProcessingInitializeOnLoad (117ms)
				ProcessInitializeOnLoadAttributes (263ms)
				ProcessInitializeOnLoadMethodAttributes (75ms)
				AfterProcessingInitializeOnLoad (16ms)
				EditorAssembliesLoaded (0ms)
			ExecutionOrderSort2 (0ms)
			AwakeInstancesAfterBackupRestoration (7ms)
Platform modules already initialized, skipping
========================================================================
Worker process is ready to serve import requests
Launched and connected shader compiler UnityShaderCompiler.exe after 0.08 seconds
Refreshing native plugins compatible for Editor in 0.82 ms, found 3 plugins.
Preloading 0 native plugins for Editor in 0.00 ms.
Unloading 4011 Unused Serialized files (Serialized files now loaded: 0)
Unloading 26 unused Assets / (399.1 KB). Loaded Objects now: 4470.
Memory consumption went from 140.0 MB to 139.7 MB.
Total: 3.932300 ms (FindLiveObjects: 0.407200 ms CreateObjectMapping: 0.174500 ms MarkObjects: 3.152900 ms  DeleteObjects: 0.196800 ms)

AssetImportParameters requested are different than current active one (requested -> active):
  custom:video-decoder-ogg-theora: a1e56fd34408186e4bbccfd4996cb3dc -> 
  custom:container-muxer-webm: aa71ff27fc2769a1b78a27578f13a17b -> 
  custom:container-demuxer-webm: 4f35f7cbe854078d1ac9338744f61a02 -> 
  custom:video-encoder-webm-vp8: eb34c28f22e8b96e1ab97ce403110664 -> 
  custom:audio-encoder-webm-vorbis: bf7c407c2cedff20999df2af8eb42d56 -> 
  custom:framework-win-MediaFoundation: 216162199b28c13a410421893ffa2e32 -> 
  custom:container-demuxer-ogg: 62fdf1f143b41e24485cea50d1cbac27 -> 
  custom:video-decoder-webm-vp8: 9c59270c3fd7afecdb556c50c9e8de78 -> 
  custom:audio-decoder-ogg-vorbis: bf7c407c2cedff20999df2af8eb42d56 -> 
========================================================================
Received Import Request.
  Time since last request: 64363.722856 seconds.
  path: Assets/ShaderBubble
  artifactKey: Guid(4fe550f19182b8d40b8ea8a988012bb0) Importer(815301076,1909f56bfc062723c751e8b465ee728b)
Start importing Assets/ShaderBubble using Guid(4fe550f19182b8d40b8ea8a988012bb0) Importer(815301076,1909f56bfc062723c751e8b465ee728b)  -> (artifact id: 'f4d99b37a78c54f4891af1a232612a20') in 0.011783 seconds 
========================================================================
Received Import Request.
  Time since last request: 7.921618 seconds.
  path: Assets/ShaderBubble/Bubble_tex.png
  artifactKey: Guid(eb2cb4b7a6c21224eaeba39d154071b3) Importer(815301076,1909f56bfc062723c751e8b465ee728b)
Start importing Assets/ShaderBubble/Bubble_tex.png using Guid(eb2cb4b7a6c21224eaeba39d154071b3) Importer(815301076,1909f56bfc062723c751e8b465ee728b)  -> (artifact id: 'a7a617ff639f60eba538073f71cd1292') in 0.098947 seconds 
========================================================================
Received Import Request.
  Time since last request: 21.729040 seconds.
  path: Assets/ShaderBubble/Reflection_cube.png
  artifactKey: Guid(995a012223c59f24687dfad3a638462e) Importer(815301076,1909f56bfc062723c751e8b465ee728b)
Start importing Assets/ShaderBubble/Reflection_cube.png using Guid(995a012223c59f24687dfad3a638462e) Importer(815301076,1909f56bfc062723c751e8b465ee728b)  -> (artifact id: 'b9de74a6a5dcd7c0446a2206c0708cc3') in 0.011278 seconds 
========================================================================
Received Import Request.
  Time since last request: 31.355882 seconds.
  path: Assets/ShaderBubble/Bubble_tex.png
  artifactKey: Guid(eb2cb4b7a6c21224eaeba39d154071b3) Importer(815301076,1909f56bfc062723c751e8b465ee728b)
Start importing Assets/ShaderBubble/Bubble_tex.png using Guid(eb2cb4b7a6c21224eaeba39d154071b3) Importer(815301076,1909f56bfc062723c751e8b465ee728b)  -> (artifact id: 'ea108b3ad86818f61b596e26c12faa01') in 0.010173 seconds 
========================================================================
Received Import Request.
  Time since last request: 67.995864 seconds.
  path: Assets/ShaderBubble/Reflection_cube.png
  artifactKey: Guid(995a012223c59f24687dfad3a638462e) Importer(815301076,1909f56bfc062723c751e8b465ee728b)
Start importing Assets/ShaderBubble/Reflection_cube.png using Guid(995a012223c59f24687dfad3a638462e) Importer(815301076,1909f56bfc062723c751e8b465ee728b)  -> (artifact id: 'b4acee9218105495afaeb701dfd0f631') in 0.066562 seconds 
========================================================================
Received Import Request.
  Time since last request: 59.364965 seconds.
  path: Assets/ShaderBubble/ShaderBubble.shadergraph
  artifactKey: Guid(85ffbb869c9fbd7478aec87e3db281a7) Importer(815301076,1909f56bfc062723c751e8b465ee728b)
Start importing Assets/ShaderBubble/ShaderBubble.shadergraph using Guid(85ffbb869c9fbd7478aec87e3db281a7) Importer(815301076,1909f56bfc062723c751e8b465ee728b)  -> (artifact id: '4673065331ecdc8111380c231fa5d5f8') in 0.010450 seconds 
========================================================================
Received Import Request.
  Time since last request: 523.997976 seconds.
  path: Assets/ShaderBubble/ShaderBubble.shadergraph
  artifactKey: Guid(85ffbb869c9fbd7478aec87e3db281a7) Importer(815301076,1909f56bfc062723c751e8b465ee728b)
Start importing Assets/ShaderBubble/ShaderBubble.shadergraph using Guid(85ffbb869c9fbd7478aec87e3db281a7) Importer(815301076,1909f56bfc062723c751e8b465ee728b)  -> (artifact id: '9002363c9c7cbc2ea5899e7a860669b6') in 0.006093 seconds 
========================================================================
Received Import Request.
  Time since last request: 44.196739 seconds.
  path: Assets/ShaderBubble/Bubble_Material.mat
  artifactKey: Guid(4505cffc1e9c529439794341b2dbed98) Importer(815301076,1909f56bfc062723c751e8b465ee728b)
Start importing Assets/ShaderBubble/Bubble_Material.mat using Guid(4505cffc1e9c529439794341b2dbed98) Importer(815301076,1909f56bfc062723c751e8b465ee728b)  -> (artifact id: '822b6eed0a0fd97ec8b49651e18da820') in 0.070604 seconds 
========================================================================
Received Import Request.
  Time since last request: 93.029163 seconds.
  path: Assets/ShaderBubble/Bubble_Material.mat
  artifactKey: Guid(4505cffc1e9c529439794341b2dbed98) Importer(815301076,1909f56bfc062723c751e8b465ee728b)
Start importing Assets/ShaderBubble/Bubble_Material.mat using Guid(4505cffc1e9c529439794341b2dbed98) Importer(815301076,1909f56bfc062723c751e8b465ee728b)  -> (artifact id: '9289dc3629de3dd61f21d458daa2797a') in 0.413829 seconds 
========================================================================
Received Prepare
Registering precompiled user dll's ...
Registered in 0.009945 seconds.
Begin MonoManager ReloadAssembly
Symbol file LoadedFromMemory doesn't match image C:\Users\Alumno\Programación_Grafico_JAJT\Library\PackageCache\com.unity.visualscripting@1.8.0\Editor\VisualScripting.Core\Dependencies\YamlDotNet\Unity.VisualScripting.YamlDotNet.dll
Symbol file LoadedFromMemory doesn't match image C:\Users\Alumno\Programación_Grafico_JAJT\Library\PackageCache\com.unity.visualscripting@1.8.0\Editor\VisualScripting.Core\Dependencies\DotNetZip\Unity.VisualScripting.IonicZip.dll
Native extension for WindowsStandalone target not found
Refreshing native plugins compatible for Editor in 0.78 ms, found 3 plugins.
Preloading 0 native plugins for Editor in 0.00 ms.
Mono: successfully reloaded assembly
- Completed reload, in  1.280 seconds
Domain Reload Profiling:
	ReloadAssembly (1281ms)
		BeginReloadAssembly (188ms)
			ExecutionOrderSort (0ms)
			DisableScriptedObjects (5ms)
			BackupInstance (0ms)
			ReleaseScriptingObjects (0ms)
			CreateAndSetChildDomain (49ms)
		EndReloadAssembly (968ms)
			LoadAssemblies (127ms)
			RebuildTransferFunctionScriptingTraits (0ms)
			SetupTypeCache (305ms)
			ReleaseScriptCaches (2ms)
			RebuildScriptCaches (53ms)
			SetupLoadedEditorAssemblies (454ms)
				LogAssemblyErrors (0ms)
				InitializePlatformSupportModulesInManaged (8ms)
				SetLoadedEditorAssemblies (1ms)
				RefreshPlugins (1ms)
				BeforeProcessingInitializeOnLoad (103ms)
				ProcessInitializeOnLoadAttributes (246ms)
				ProcessInitializeOnLoadMethodAttributes (79ms)
				AfterProcessingInitializeOnLoad (16ms)
				EditorAssembliesLoaded (0ms)
			ExecutionOrderSort2 (0ms)
			AwakeInstancesAfterBackupRestoration (9ms)
Platform modules already initialized, skipping
Refreshing native plugins compatible for Editor in 2.64 ms, found 3 plugins.
Preloading 0 native plugins for Editor in 0.00 ms.
Unloading 3997 Unused Serialized files (Serialized files now loaded: 0)
Unloading 19 unused Assets / (365.4 KB). Loaded Objects now: 4519.
Memory consumption went from 143.6 MB to 143.3 MB.
Total: 4.078200 ms (FindLiveObjects: 0.356800 ms CreateObjectMapping: 0.145800 ms MarkObjects: 3.417400 ms  DeleteObjects: 0.157000 ms)

AssetImportParameters requested are different than current active one (requested -> active):
  custom:video-decoder-ogg-theora: a1e56fd34408186e4bbccfd4996cb3dc -> 
  custom:container-muxer-webm: aa71ff27fc2769a1b78a27578f13a17b -> 
  custom:container-demuxer-webm: 4f35f7cbe854078d1ac9338744f61a02 -> 
  custom:video-encoder-webm-vp8: eb34c28f22e8b96e1ab97ce403110664 -> 
  custom:audio-encoder-webm-vorbis: bf7c407c2cedff20999df2af8eb42d56 -> 
  custom:framework-win-MediaFoundation: 216162199b28c13a410421893ffa2e32 -> 
  custom:container-demuxer-ogg: 62fdf1f143b41e24485cea50d1cbac27 -> 
  custom:video-decoder-webm-vp8: 9c59270c3fd7afecdb556c50c9e8de78 -> 
  custom:audio-decoder-ogg-vorbis: bf7c407c2cedff20999df2af8eb42d56 -> 
========================================================================
Received Prepare
Registering precompiled user dll's ...
Registered in 0.010027 seconds.
Begin MonoManager ReloadAssembly
Symbol file LoadedFromMemory doesn't match image C:\Users\Alumno\Programación_Grafico_JAJT\Library\PackageCache\com.unity.visualscripting@1.8.0\Editor\VisualScripting.Core\Dependencies\YamlDotNet\Unity.VisualScripting.YamlDotNet.dll
Symbol file LoadedFromMemory doesn't match image C:\Users\Alumno\Programación_Grafico_JAJT\Library\PackageCache\com.unity.visualscripting@1.8.0\Editor\VisualScripting.Core\Dependencies\DotNetZip\Unity.VisualScripting.IonicZip.dll
Native extension for WindowsStandalone target not found
Refreshing native plugins compatible for Editor in 0.77 ms, found 3 plugins.
Preloading 0 native plugins for Editor in 0.00 ms.
Mono: successfully reloaded assembly
- Completed reload, in  1.269 seconds
Domain Reload Profiling:
	ReloadAssembly (1270ms)
		BeginReloadAssembly (176ms)
			ExecutionOrderSort (0ms)
			DisableScriptedObjects (7ms)
			BackupInstance (0ms)
			ReleaseScriptingObjects (0ms)
			CreateAndSetChildDomain (39ms)
		EndReloadAssembly (966ms)
			LoadAssemblies (126ms)
			RebuildTransferFunctionScriptingTraits (0ms)
			SetupTypeCache (314ms)
			ReleaseScriptCaches (2ms)
			RebuildScriptCaches (49ms)
			SetupLoadedEditorAssemblies (446ms)
				LogAssemblyErrors (0ms)
				InitializePlatformSupportModulesInManaged (7ms)
				SetLoadedEditorAssemblies (1ms)
				RefreshPlugins (1ms)
				BeforeProcessingInitializeOnLoad (96ms)
				ProcessInitializeOnLoadAttributes (248ms)
				ProcessInitializeOnLoadMethodAttributes (77ms)
				AfterProcessingInitializeOnLoad (16ms)
				EditorAssembliesLoaded (0ms)
			ExecutionOrderSort2 (0ms)
			AwakeInstancesAfterBackupRestoration (8ms)
Platform modules already initialized, skipping
Refreshing native plugins compatible for Editor in 2.66 ms, found 3 plugins.
Preloading 0 native plugins for Editor in 0.00 ms.
Unloading 3996 Unused Serialized files (Serialized files now loaded: 0)
Unloading 19 unused Assets / (365.4 KB). Loaded Objects now: 4522.
Memory consumption went from 143.5 MB to 143.2 MB.
Total: 4.170400 ms (FindLiveObjects: 0.400300 ms CreateObjectMapping: 0.111100 ms MarkObjects: 3.496800 ms  DeleteObjects: 0.160800 ms)

AssetImportParameters requested are different than current active one (requested -> active):
  custom:video-decoder-ogg-theora: a1e56fd34408186e4bbccfd4996cb3dc -> 
  custom:container-muxer-webm: aa71ff27fc2769a1b78a27578f13a17b -> 
  custom:container-demuxer-webm: 4f35f7cbe854078d1ac9338744f61a02 -> 
  custom:video-encoder-webm-vp8: eb34c28f22e8b96e1ab97ce403110664 -> 
  custom:audio-encoder-webm-vorbis: bf7c407c2cedff20999df2af8eb42d56 -> 
  custom:framework-win-MediaFoundation: 216162199b28c13a410421893ffa2e32 -> 
  custom:container-demuxer-ogg: 62fdf1f143b41e24485cea50d1cbac27 -> 
  custom:video-decoder-webm-vp8: 9c59270c3fd7afecdb556c50c9e8de78 -> 
  custom:audio-decoder-ogg-vorbis: bf7c407c2cedff20999df2af8eb42d56 -> 
========================================================================
Received Import Request.
  Time since last request: 1252.248505 seconds.
  path: Assets/Mario_Box
  artifactKey: Guid(3ff8c00de8878164597231f3cecb4882) Importer(815301076,1909f56bfc062723c751e8b465ee728b)
Start importing Assets/Mario_Box using Guid(3ff8c00de8878164597231f3cecb4882) Importer(815301076,1909f56bfc062723c751e8b465ee728b)  -> (artifact id: 'fd66e477fb35a631f271cff4df64ca96') in 0.012750 seconds 
========================================================================
Received Import Request.
  Time since last request: 9.433193 seconds.
  path: Assets/Mario_Box/Color_tex.png
  artifactKey: Guid(d05407dc37caaab4eacca4fe222cac37) Importer(815301076,1909f56bfc062723c751e8b465ee728b)
Start importing Assets/Mario_Box/Color_tex.png using Guid(d05407dc37caaab4eacca4fe222cac37) Importer(815301076,1909f56bfc062723c751e8b465ee728b)  -> (artifact id: '6d0f897a48c675aa182523c833b55328') in 0.043135 seconds 
========================================================================
Received Import Request.
  Time since last request: 0.000037 seconds.
  path: Assets/Mario_Box/Simbol_tex.png
  artifactKey: Guid(22bc01e969e3fa44782990a3cc865fc5) Importer(815301076,1909f56bfc062723c751e8b465ee728b)
Start importing Assets/Mario_Box/Simbol_tex.png using Guid(22bc01e969e3fa44782990a3cc865fc5) Importer(815301076,1909f56bfc062723c751e8b465ee728b)  -> (artifact id: '0f711b00a90a54f42cb427131fa11b61') in 0.011452 seconds 
========================================================================
Received Import Request.
  Time since last request: 23.755175 seconds.
  path: Assets/Mario_Box/ItemBox_mesh.fbx
  artifactKey: Guid(5e7331670849be74f806efb63be44e4e) Importer(815301076,1909f56bfc062723c751e8b465ee728b)
Start importing Assets/Mario_Box/ItemBox_mesh.fbx using Guid(5e7331670849be74f806efb63be44e4e) Importer(815301076,1909f56bfc062723c751e8b465ee728b)  -> (artifact id: '69333b88fa72050586adad4c32a3e33c') in 0.154423 seconds 
========================================================================
Received Import Request.
  Time since last request: 64.493456 seconds.
  path: Assets/Mario_Box/Box_Color_Shder.shadergraph
  artifactKey: Guid(c49c28ccab4a4d043bc81afc98600879) Importer(815301076,1909f56bfc062723c751e8b465ee728b)
Start importing Assets/Mario_Box/Box_Color_Shder.shadergraph using Guid(c49c28ccab4a4d043bc81afc98600879) Importer(815301076,1909f56bfc062723c751e8b465ee728b)  -> (artifact id: '05e68fa67ceb50e8f54374873b8c07d8') in 0.006695 seconds 
========================================================================
Received Import Request.
  Time since last request: 878.491723 seconds.
  path: Assets/Mario_Box/Box_Color_Shder.shadergraph
  artifactKey: Guid(c49c28ccab4a4d043bc81afc98600879) Importer(815301076,1909f56bfc062723c751e8b465ee728b)
Start importing Assets/Mario_Box/Box_Color_Shder.shadergraph using Guid(c49c28ccab4a4d043bc81afc98600879) Importer(815301076,1909f56bfc062723c751e8b465ee728b)  -> (artifact id: '3f9f22e28e43bf476b56c69a11bd521b') in 0.006236 seconds 
========================================================================
Received Import Request.
  Time since last request: 14.244739 seconds.
  path: Assets/Mario_Box/New Material.mat
  artifactKey: Guid(3e4b0dc713d80b7499c0893a8c7ebe59) Importer(815301076,1909f56bfc062723c751e8b465ee728b)
Start importing Assets/Mario_Box/New Material.mat using Guid(3e4b0dc713d80b7499c0893a8c7ebe59) Importer(815301076,1909f56bfc062723c751e8b465ee728b)  -> (artifact id: '830e1ff39151fb2d66245d27935db023') in 0.016935 seconds 
========================================================================
Received Import Request.
  Time since last request: 17.796101 seconds.
  path: Assets/Mario_Box/Box_Color_Material.mat
  artifactKey: Guid(3e4b0dc713d80b7499c0893a8c7ebe59) Importer(815301076,1909f56bfc062723c751e8b465ee728b)
Start importing Assets/Mario_Box/Box_Color_Material.mat using Guid(3e4b0dc713d80b7499c0893a8c7ebe59) Importer(815301076,1909f56bfc062723c751e8b465ee728b)  -> (artifact id: '6b2ae741de3c4f672629e6d94cc354b3') in 0.021496 seconds 
========================================================================
Received Prepare
Registering precompiled user dll's ...
Registered in 0.011895 seconds.
Begin MonoManager ReloadAssembly
Symbol file LoadedFromMemory doesn't match image C:\Users\Alumno\Programación_Grafico_JAJT\Library\PackageCache\com.unity.visualscripting@1.8.0\Editor\VisualScripting.Core\Dependencies\YamlDotNet\Unity.VisualScripting.YamlDotNet.dll
Symbol file LoadedFromMemory doesn't match image C:\Users\Alumno\Programación_Grafico_JAJT\Library\PackageCache\com.unity.visualscripting@1.8.0\Editor\VisualScripting.Core\Dependencies\DotNetZip\Unity.VisualScripting.IonicZip.dll
Native extension for WindowsStandalone target not found
Refreshing native plugins compatible for Editor in 0.65 ms, found 3 plugins.
Preloading 0 native plugins for Editor in 0.00 ms.
Mono: successfully reloaded assembly
- Completed reload, in  1.258 seconds
Domain Reload Profiling:
	ReloadAssembly (1259ms)
		BeginReloadAssembly (183ms)
			ExecutionOrderSort (0ms)
			DisableScriptedObjects (5ms)
			BackupInstance (0ms)
			ReleaseScriptingObjects (0ms)
			CreateAndSetChildDomain (47ms)
		EndReloadAssembly (949ms)
			LoadAssemblies (129ms)
			RebuildTransferFunctionScriptingTraits (0ms)
			SetupTypeCache (302ms)
			ReleaseScriptCaches (2ms)
			RebuildScriptCaches (50ms)
			SetupLoadedEditorAssemblies (438ms)
				LogAssemblyErrors (0ms)
				InitializePlatformSupportModulesInManaged (8ms)
				SetLoadedEditorAssemblies (1ms)
				RefreshPlugins (1ms)
				BeforeProcessingInitializeOnLoad (105ms)
				ProcessInitializeOnLoadAttributes (234ms)
				ProcessInitializeOnLoadMethodAttributes (73ms)
				AfterProcessingInitializeOnLoad (17ms)
				EditorAssembliesLoaded (0ms)
			ExecutionOrderSort2 (0ms)
			AwakeInstancesAfterBackupRestoration (8ms)
Platform modules already initialized, skipping
Refreshing native plugins compatible for Editor in 2.85 ms, found 3 plugins.
Preloading 0 native plugins for Editor in 0.00 ms.
Unloading 3996 Unused Serialized files (Serialized files now loaded: 0)
Unloading 19 unused Assets / (365.3 KB). Loaded Objects now: 4528.
Memory consumption went from 143.7 MB to 143.4 MB.
Total: 4.065100 ms (FindLiveObjects: 0.373400 ms CreateObjectMapping: 0.117800 ms MarkObjects: 3.393900 ms  DeleteObjects: 0.178700 ms)

AssetImportParameters requested are different than current active one (requested -> active):
  custom:video-decoder-ogg-theora: a1e56fd34408186e4bbccfd4996cb3dc -> 
  custom:container-muxer-webm: aa71ff27fc2769a1b78a27578f13a17b -> 
  custom:container-demuxer-webm: 4f35f7cbe854078d1ac9338744f61a02 -> 
  custom:video-encoder-webm-vp8: eb34c28f22e8b96e1ab97ce403110664 -> 
  custom:audio-encoder-webm-vorbis: bf7c407c2cedff20999df2af8eb42d56 -> 
  custom:framework-win-MediaFoundation: 216162199b28c13a410421893ffa2e32 -> 
  custom:container-demuxer-ogg: 62fdf1f143b41e24485cea50d1cbac27 -> 
  custom:video-decoder-webm-vp8: 9c59270c3fd7afecdb556c50c9e8de78 -> 
  custom:audio-decoder-ogg-vorbis: bf7c407c2cedff20999df2af8eb42d56 -> 
========================================================================
Received Import Request.
  Time since last request: 355.614359 seconds.
  path: Assets/Mario_Box/Box_Light.shadergraph
  artifactKey: Guid(9f595e7c5ab4e09479a1151c3a5c0a30) Importer(815301076,1909f56bfc062723c751e8b465ee728b)
Start importing Assets/Mario_Box/Box_Light.shadergraph using Guid(9f595e7c5ab4e09479a1151c3a5c0a30) Importer(815301076,1909f56bfc062723c751e8b465ee728b)  -> (artifact id: '51059a172f8d5ff2b536b8ad56cc0464') in 0.022575 seconds 
========================================================================
Received Import Request.
  Time since last request: 98.652024 seconds.
  path: Assets/Mario_Box/Box_Light.shadergraph
  artifactKey: Guid(9f595e7c5ab4e09479a1151c3a5c0a30) Importer(815301076,1909f56bfc062723c751e8b465ee728b)
Start importing Assets/Mario_Box/Box_Light.shadergraph using Guid(9f595e7c5ab4e09479a1151c3a5c0a30) Importer(815301076,1909f56bfc062723c751e8b465ee728b)  -> (artifact id: 'bb5f4d78a96018da66e07ac5c0af7a2c') in 0.006109 seconds 
========================================================================
Received Import Request.
  Time since last request: 40.160679 seconds.
  path: Assets/Mario_Box/Box_Light.mat
  artifactKey: Guid(4748f24a748c0034dbfd5c061b6492ae) Importer(815301076,1909f56bfc062723c751e8b465ee728b)
Start importing Assets/Mario_Box/Box_Light.mat using Guid(4748f24a748c0034dbfd5c061b6492ae) Importer(815301076,1909f56bfc062723c751e8b465ee728b)  -> (artifact id: '66b2075d44efb8935e3ceb06e047077c') in 0.066446 seconds 
========================================================================
Received Import Request.
  Time since last request: 1077.767087 seconds.
  path: Assets/Mario_Box/Specular.hlsl
  artifactKey: Guid(2eef7757311e42c469edc6af3d52c212) Importer(815301076,1909f56bfc062723c751e8b465ee728b)
Start importing Assets/Mario_Box/Specular.hlsl using Guid(2eef7757311e42c469edc6af3d52c212) Importer(815301076,1909f56bfc062723c751e8b465ee728b)  -> (artifact id: '0b5e874b35e258f77ec0bde50a9d5038') in 0.015775 seconds 
========================================================================
Received Import Request.
  Time since last request: 70.660831 seconds.
  path: Packages/com.unity.textmeshpro/Editor Resources/Shaders/TMP_Properties.cginc
  artifactKey: Guid(3c6c403084eacec478a1129ce20061ea) Importer(815301076,1909f56bfc062723c751e8b465ee728b)
Start importing Packages/com.unity.textmeshpro/Editor Resources/Shaders/TMP_Properties.cginc using Guid(3c6c403084eacec478a1129ce20061ea) Importer(815301076,1909f56bfc062723c751e8b465ee728b)  -> (artifact id: '5ec7048a615fd4bad7d9544072215ddd') in 0.042857 seconds 
